C:\Program Files (x86)\Microsoft Visual Studio\2019\Community\MSBuild\Microsoft\VC\v160\Microsoft.CppBuild.targets(444,5): warning MSB8004: Intermediate Directory does not end with a trailing slash.  This build instance will add the slash as it is required to allow proper evaluation of the Intermediate Directory.
C:\Program Files (x86)\Microsoft Visual Studio\2019\Community\MSBuild\Microsoft\VC\v160\Microsoft.CppBuild.targets(445,5): warning MSB8004: Output Directory does not end with a trailing slash.  This build instance will add the slash as it is required to allow proper evaluation of the Output Directory.
  GameObject.cpp
  GameStateManager.cpp
  GIF.cpp
  main.cpp
  Menu.cpp
  Platform.cpp
  Circle.cpp
C:\Users\alber\Desktop\Pixel_Supreme\src\cpp\primitives\Circle.cpp(34,56): warning C4244: 'argument': conversion from '_Ty2' to 'int', possible loss of data
          with
          [
              _Ty2=float
          ]
C:\Users\alber\Desktop\Pixel_Supreme\src\cpp\primitives\Circle.cpp(34,36): warning C4244: 'argument': conversion from '_Ty1' to 'int', possible loss of data
          with
          [
              _Ty1=float
          ]
C:\Users\alber\Desktop\Pixel_Supreme\src\cpp\primitives\Circle.cpp(35,57): warning C4244: 'argument': conversion from '_Ty2' to 'int', possible loss of data
          with
          [
              _Ty2=float
          ]
C:\Users\alber\Desktop\Pixel_Supreme\src\cpp\primitives\Circle.cpp(35,36): warning C4244: 'argument': conversion from '_Ty1' to 'int', possible loss of data
          with
          [
              _Ty1=float
          ]
C:\Users\alber\Desktop\Pixel_Supreme\src\cpp\primitives\Circle.cpp(36,57): warning C4244: 'argument': conversion from '_Ty2' to 'int', possible loss of data
          with
          [
              _Ty2=float
          ]
C:\Users\alber\Desktop\Pixel_Supreme\src\cpp\primitives\Circle.cpp(36,37): warning C4244: 'argument': conversion from '_Ty1' to 'int', possible loss of data
          with
          [
              _Ty1=float
          ]
C:\Users\alber\Desktop\Pixel_Supreme\src\cpp\primitives\Circle.cpp(37,58): warning C4244: 'argument': conversion from '_Ty2' to 'int', possible loss of data
          with
          [
              _Ty2=float
          ]
C:\Users\alber\Desktop\Pixel_Supreme\src\cpp\primitives\Circle.cpp(37,37): warning C4244: 'argument': conversion from '_Ty1' to 'int', possible loss of data
          with
          [
              _Ty1=float
          ]
C:\Users\alber\Desktop\Pixel_Supreme\src\cpp\primitives\Circle.cpp(38,56): warning C4244: 'argument': conversion from '_Ty2' to 'int', possible loss of data
          with
          [
              _Ty2=float
          ]
C:\Users\alber\Desktop\Pixel_Supreme\src\cpp\primitives\Circle.cpp(38,36): warning C4244: 'argument': conversion from '_Ty1' to 'int', possible loss of data
          with
          [
              _Ty1=float
          ]
C:\Users\alber\Desktop\Pixel_Supreme\src\cpp\primitives\Circle.cpp(39,57): warning C4244: 'argument': conversion from '_Ty2' to 'int', possible loss of data
          with
          [
              _Ty2=float
          ]
C:\Users\alber\Desktop\Pixel_Supreme\src\cpp\primitives\Circle.cpp(39,36): warning C4244: 'argument': conversion from '_Ty1' to 'int', possible loss of data
          with
          [
              _Ty1=float
          ]
C:\Users\alber\Desktop\Pixel_Supreme\src\cpp\primitives\Circle.cpp(40,57): warning C4244: 'argument': conversion from '_Ty2' to 'int', possible loss of data
          with
          [
              _Ty2=float
          ]
C:\Users\alber\Desktop\Pixel_Supreme\src\cpp\primitives\Circle.cpp(40,37): warning C4244: 'argument': conversion from '_Ty1' to 'int', possible loss of data
          with
          [
              _Ty1=float
          ]
C:\Users\alber\Desktop\Pixel_Supreme\src\cpp\primitives\Circle.cpp(41,58): warning C4244: 'argument': conversion from '_Ty2' to 'int', possible loss of data
          with
          [
              _Ty2=float
          ]
C:\Users\alber\Desktop\Pixel_Supreme\src\cpp\primitives\Circle.cpp(41,37): warning C4244: 'argument': conversion from '_Ty1' to 'int', possible loss of data
          with
          [
              _Ty1=float
          ]
  Primitive.cpp
  Rect.cpp
  Sprite.cpp
  Generating Code...
  Pixel_Supreme.vcxproj -> C:\Users\alber\Desktop\Pixel_Supreme\.\bin\Pixel_Supreme.exe
