c:\users\alber\desktop\pixel_supreme\obj\vc142.pdb
c:\users\alber\desktop\pixel_supreme\obj\vc142.idb
c:\users\alber\desktop\pixel_supreme\obj\stack.obj
c:\users\alber\desktop\pixel_supreme\obj\text.obj
c:\users\alber\desktop\pixel_supreme\obj\stackallocator.obj
c:\users\alber\desktop\pixel_supreme\obj\sprite.obj
c:\users\alber\desktop\pixel_supreme\obj\platform.obj
c:\users\alber\desktop\pixel_supreme\obj\node.obj
c:\users\alber\desktop\pixel_supreme\obj\menu.obj
c:\users\alber\desktop\pixel_supreme\obj\main.obj
c:\users\alber\desktop\pixel_supreme\obj\logging.obj
c:\users\alber\desktop\pixel_supreme\obj\gif.obj
c:\users\alber\desktop\pixel_supreme\obj\gamestatemanager.obj
c:\users\alber\desktop\pixel_supreme\obj\gameobject.obj
c:\users\alber\desktop\pixel_supreme\bin\pixel_supreme.ilk
c:\users\alber\desktop\pixel_supreme\bin\pixel_supreme.exe
c:\users\alber\desktop\pixel_supreme\bin\pixel_supreme.pdb
c:\users\alber\desktop\pixel_supreme\.\bin\pixel_supreme.exe
c:\users\alber\desktop\pixel_supreme\obj\pixel_supreme.tlog\cl.command.1.tlog
c:\users\alber\desktop\pixel_supreme\obj\pixel_supreme.tlog\cl.read.1.tlog
c:\users\alber\desktop\pixel_supreme\obj\pixel_supreme.tlog\cl.write.1.tlog
c:\users\alber\desktop\pixel_supreme\obj\pixel_supreme.tlog\link.command.1.tlog
c:\users\alber\desktop\pixel_supreme\obj\pixel_supreme.tlog\link.read.1.tlog
c:\users\alber\desktop\pixel_supreme\obj\pixel_supreme.tlog\link.write.1.tlog
